This file contains any messages produced by compilers while
running configure, to aid debugging if configure makes a mistake.

It was created by GTK_demo configure 1.0, which was
generated by GNU Autoconf 2.69.  Invocation command line was

  $ ./configure 

## --------- ##
## Platform. ##
## --------- ##

hostname = workhorse
uname -m = x86_64
uname -r = 5.11.0-7614-generic
uname -s = Linux
uname -v = #15~1618626693~20.04~ecb25cd~dev-Ubuntu SMP Thu Apr 22 15:41:08 

/usr/bin/uname -p = x86_64
/bin/uname -X     = unknown

/bin/arch              = x86_64
/usr/bin/arch -k       = unknown
/usr/convex/getsysinfo = unknown
/usr/bin/hostinfo      = unknown
/bin/machine           = unknown
/usr/bin/oslevel       = unknown
/bin/universe          = unknown

PATH: /opt/ros/noetic/bin
PATH: /home/xuzhizun/.local/bin
PATH: /usr/local/sbin
PATH: /usr/local/bin
PATH: /usr/sbin
PATH: /usr/bin
PATH: /sbin
PATH: /bin
PATH: /usr/games
PATH: /usr/local/games
PATH: /snap/bin


## ----------- ##
## Core tests. ##
## ----------- ##

configure:2172: checking for a BSD-compatible install
configure:2240: result: /usr/bin/install -c
configure:2251: checking whether build environment is sane
configure:2301: result: yes
configure:2442: checking for a thread-safe mkdir -p
configure:2481: result: /usr/bin/mkdir -p
configure:2494: checking for gawk
configure:2524: result: no
configure:2494: checking for mawk
configure:2510: found /usr/bin/mawk
configure:2521: result: mawk
configure:2532: checking whether make sets $(MAKE)
configure:2554: result: yes
configure:2696: checking for g++
configure:2712: found /usr/bin/g++
configure:2723: result: g++
configure:2750: checking for C++ compiler version
configure:2759: g++ --version >&5
g++ (Ubuntu 9.3.0-17ubuntu1~20.04) 9.3.0
Copyright (C) 2019 Free Software Foundation, Inc.
This is free software; see the source for copying conditions.  There is NO
warranty; not even for MERCHANTABILITY or FITNESS FOR A PARTICULAR PURPOSE.

configure:2770: $? = 0
configure:2759: g++ -v >&5
Using built-in specs.
COLLECT_GCC=g++
COLLECT_LTO_WRAPPER=/usr/lib/gcc/x86_64-linux-gnu/9/lto-wrapper
OFFLOAD_TARGET_NAMES=nvptx-none:hsa
OFFLOAD_TARGET_DEFAULT=1
Target: x86_64-linux-gnu
Configured with: ../src/configure -v --with-pkgversion='Ubuntu 9.3.0-17ubuntu1~20.04' --with-bugurl=file:///usr/share/doc/gcc-9/README.Bugs --enable-languages=c,ada,c++,go,brig,d,fortran,objc,obj-c++,gm2 --prefix=/usr --with-gcc-major-version-only --program-suffix=-9 --program-prefix=x86_64-linux-gnu- --enable-shared --enable-linker-build-id --libexecdir=/usr/lib --without-included-gettext --enable-threads=posix --libdir=/usr/lib --enable-nls --enable-clocale=gnu --enable-libstdcxx-debug --enable-libstdcxx-time=yes --with-default-libstdcxx-abi=new --enable-gnu-unique-object --disable-vtable-verify --enable-plugin --enable-default-pie --with-system-zlib --with-target-system-zlib=auto --enable-objc-gc=auto --enable-multiarch --disable-werror --with-arch-32=i686 --with-abi=m64 --with-multilib-list=m32,m64,mx32 --enable-multilib --with-tune=generic --enable-offload-targets=nvptx-none=/build/gcc-9-HskZEa/gcc-9-9.3.0/debian/tmp-nvptx/usr,hsa --without-cuda-driver --enable-checking=release --build=x86_64-linux-gnu --host=x86_64-linux-gnu --target=x86_64-linux-gnu
Thread model: posix
gcc version 9.3.0 (Ubuntu 9.3.0-17ubuntu1~20.04) 
configure:2770: $? = 0
configure:2759: g++ -V >&5
g++: error: unrecognized command line option '-V'
g++: fatal error: no input files
compilation terminated.
configure:2770: $? = 1
configure:2759: g++ -qversion >&5
g++: error: unrecognized command line option '-qversion'; did you mean '--version'?
g++: fatal error: no input files
compilation terminated.
configure:2770: $? = 1
configure:2790: checking whether the C++ compiler works
configure:2812: g++    conftest.cpp  >&5
configure:2816: $? = 0
configure:2864: result: yes
configure:2867: checking for C++ compiler default output file name
configure:2869: result: a.out
configure:2875: checking for suffix of executables
configure:2882: g++ -o conftest    conftest.cpp  >&5
configure:2886: $? = 0
configure:2908: result: 
configure:2930: checking whether we are cross compiling
configure:2938: g++ -o conftest    conftest.cpp  >&5
configure:2942: $? = 0
configure:2949: ./conftest
configure:2953: $? = 0
configure:2941: result: no
configure:2946: checking for suffix of object files
configure:2968: g++ -c   conftest.cpp >&5
configure:2972: $? = 0
configure:2993: result: o
configure:2997: checking whether we are using the GNU C++ compiler
configure:3016: g++ -c   conftest.cpp >&5
configure:3016: $? = 0
configure:3025: result: yes
configure:3034: checking whether g++ accepts -g
configure:3054: g++ -c -g  conftest.cpp >&5
configure:3054: $? = 0
configure:3095: result: yes
configure:3129: checking for style of include used by make
configure:3157: result: GNU
configure:3182: checking dependency style of g++
configure:3292: result: gcc3
configure:3355: checking for gcc
configure:3371: found /usr/bin/gcc
configure:3382: result: gcc
configure:3611: checking for C compiler version
configure:3620: gcc --version >&5
gcc (Ubuntu 9.3.0-17ubuntu1~20.04) 9.3.0
Copyright (C) 2019 Free Software Foundation, Inc.
This is free software; see the source for copying conditions.  There is NO
warranty; not even for MERCHANTABILITY or FITNESS FOR A PARTICULAR PURPOSE.

configure:3631: $? = 0
configure:3620: gcc -v >&5
Using built-in specs.
COLLECT_GCC=gcc
COLLECT_LTO_WRAPPER=/usr/lib/gcc/x86_64-linux-gnu/9/lto-wrapper
OFFLOAD_TARGET_NAMES=nvptx-none:hsa
OFFLOAD_TARGET_DEFAULT=1
Target: x86_64-linux-gnu
Configured with: ../src/configure -v --with-pkgversion='Ubuntu 9.3.0-17ubuntu1~20.04' --with-bugurl=file:///usr/share/doc/gcc-9/README.Bugs --enable-languages=c,ada,c++,go,brig,d,fortran,objc,obj-c++,gm2 --prefix=/usr --with-gcc-major-version-only --program-suffix=-9 --program-prefix=x86_64-linux-gnu- --enable-shared --enable-linker-build-id --libexecdir=/usr/lib --without-included-gettext --enable-threads=posix --libdir=/usr/lib --enable-nls --enable-clocale=gnu --enable-libstdcxx-debug --enable-libstdcxx-time=yes --with-default-libstdcxx-abi=new --enable-gnu-unique-object --disable-vtable-verify --enable-plugin --enable-default-pie --with-system-zlib --with-target-system-zlib=auto --enable-objc-gc=auto --enable-multiarch --disable-werror --with-arch-32=i686 --with-abi=m64 --with-multilib-list=m32,m64,mx32 --enable-multilib --with-tune=generic --enable-offload-targets=nvptx-none=/build/gcc-9-HskZEa/gcc-9-9.3.0/debian/tmp-nvptx/usr,hsa --without-cuda-driver --enable-checking=release --build=x86_64-linux-gnu --host=x86_64-linux-gnu --target=x86_64-linux-gnu
Thread model: posix
gcc version 9.3.0 (Ubuntu 9.3.0-17ubuntu1~20.04) 
configure:3631: $? = 0
configure:3620: gcc -V >&5
gcc: error: unrecognized command line option '-V'
gcc: fatal error: no input files
compilation terminated.
configure:3631: $? = 1
configure:3620: gcc -qversion >&5
gcc: error: unrecognized command line option '-qversion'; did you mean '--version'?
gcc: fatal error: no input files
compilation terminated.
configure:3631: $? = 1
configure:3635: checking whether we are using the GNU C compiler
configure:3654: gcc -c   conftest.c >&5
configure:3654: $? = 0
configure:3663: result: yes
configure:3672: checking whether gcc accepts -g
configure:3692: gcc -c -g  conftest.c >&5
configure:3692: $? = 0
configure:3733: result: yes
configure:3750: checking for gcc option to accept ISO C89
configure:3813: gcc  -c -g -O2  conftest.c >&5
configure:3813: $? = 0
configure:3826: result: none needed
configure:3848: checking dependency style of gcc
configure:3958: result: gcc3
configure:4025: checking for pkg-config
configure:4043: found /usr/bin/pkg-config
configure:4055: result: /usr/bin/pkg-config
configure:4080: checking pkg-config is at least version 0.9.0
configure:4083: result: yes
configure:4094: checking for PACKAGE
configure:4102: $PKG_CONFIG --exists --print-errors "$pkg_modules"
configure:4105: $? = 0
configure:4120: $PKG_CONFIG --exists --print-errors "$pkg_modules"
configure:4123: $? = 0
configure:4178: result: yes
configure:4198: checking for pthread_rwlock_init in -lpthread
configure:4223: gcc -o conftest -g -O2   conftest.c -lpthread   >&5
configure:4223: $? = 0
configure:4232: result: yes
configure:4250: checking how to run the C preprocessor
configure:4281: gcc -E  conftest.c
configure:4281: $? = 0
configure:4295: gcc -E  conftest.c
conftest.c:13:10: fatal error: ac_nonexistent.h: No such file or directory
   13 | #include <ac_nonexistent.h>
      |          ^~~~~~~~~~~~~~~~~~
compilation terminated.
configure:4295: $? = 1
configure: failed program was:
| /* confdefs.h */
| #define PACKAGE_NAME "GTK_demo"
| #define PACKAGE_TARNAME "gtk_demo"
| #define PACKAGE_VERSION "1.0"
| #define PACKAGE_STRING "GTK_demo 1.0"
| #define PACKAGE_BUGREPORT ""
| #define PACKAGE_URL ""
| #define PACKAGE "GTK_demo"
| #define VERSION "1.0"
| #define GETTEXT_PACKAGE "GTK_demo"
| #define HAVE_LIBPTHREAD 1
| /* end confdefs.h.  */
| #include <ac_nonexistent.h>
configure:4320: result: gcc -E
configure:4340: gcc -E  conftest.c
configure:4340: $? = 0
configure:4354: gcc -E  conftest.c
conftest.c:13:10: fatal error: ac_nonexistent.h: No such file or directory
   13 | #include <ac_nonexistent.h>
      |          ^~~~~~~~~~~~~~~~~~
compilation terminated.
configure:4354: $? = 1
configure: failed program was:
| /* confdefs.h */
| #define PACKAGE_NAME "GTK_demo"
| #define PACKAGE_TARNAME "gtk_demo"
| #define PACKAGE_VERSION "1.0"
| #define PACKAGE_STRING "GTK_demo 1.0"
| #define PACKAGE_BUGREPORT ""
| #define PACKAGE_URL ""
| #define PACKAGE "GTK_demo"
| #define VERSION "1.0"
| #define GETTEXT_PACKAGE "GTK_demo"
| #define HAVE_LIBPTHREAD 1
| /* end confdefs.h.  */
| #include <ac_nonexistent.h>
configure:4383: checking for grep that handles long lines and -e
configure:4441: result: /usr/bin/grep
configure:4446: checking for egrep
configure:4508: result: /usr/bin/grep -E
configure:4513: checking for ANSI C header files
configure:4533: gcc -c -g -O2  conftest.c >&5
configure:4533: $? = 0
configure:4606: gcc -o conftest -g -O2   conftest.c -lpthread  >&5
configure:4606: $? = 0
configure:4606: ./conftest
configure:4606: $? = 0
configure:4617: result: yes
configure:4630: checking for sys/types.h
configure:4630: gcc -c -g -O2  conftest.c >&5
configure:4630: $? = 0
configure:4630: result: yes
configure:4630: checking for sys/stat.h
configure:4630: gcc -c -g -O2  conftest.c >&5
configure:4630: $? = 0
configure:4630: result: yes
configure:4630: checking for stdlib.h
configure:4630: gcc -c -g -O2  conftest.c >&5
configure:4630: $? = 0
configure:4630: result: yes
configure:4630: checking for string.h
configure:4630: gcc -c -g -O2  conftest.c >&5
configure:4630: $? = 0
configure:4630: result: yes
configure:4630: checking for memory.h
configure:4630: gcc -c -g -O2  conftest.c >&5
configure:4630: $? = 0
configure:4630: result: yes
configure:4630: checking for strings.h
configure:4630: gcc -c -g -O2  conftest.c >&5
configure:4630: $? = 0
configure:4630: result: yes
configure:4630: checking for inttypes.h
configure:4630: gcc -c -g -O2  conftest.c >&5
configure:4630: $? = 0
configure:4630: result: yes
configure:4630: checking for stdint.h
configure:4630: gcc -c -g -O2  conftest.c >&5
configure:4630: $? = 0
configure:4630: result: yes
configure:4630: checking for unistd.h
configure:4630: gcc -c -g -O2  conftest.c >&5
configure:4630: $? = 0
configure:4630: result: yes
configure:4645: checking fcntl.h usability
configure:4645: gcc -c -g -O2  conftest.c >&5
configure:4645: $? = 0
configure:4645: result: yes
configure:4645: checking fcntl.h presence
configure:4645: gcc -E  conftest.c
configure:4645: $? = 0
configure:4645: result: yes
configure:4645: checking for fcntl.h
configure:4645: result: yes
configure:4645: checking for stdlib.h
configure:4645: result: yes
configure:4645: checking for string.h
configure:4645: result: yes
configure:4645: checking sys/ioctl.h usability
configure:4645: gcc -c -g -O2  conftest.c >&5
configure:4645: $? = 0
configure:4645: result: yes
configure:4645: checking sys/ioctl.h presence
configure:4645: gcc -E  conftest.c
configure:4645: $? = 0
configure:4645: result: yes
configure:4645: checking for sys/ioctl.h
configure:4645: result: yes
configure:4645: checking for unistd.h
configure:4645: result: yes
configure:4645: checking gtk/gtk.h usability
configure:4645: gcc -c -g -O2  conftest.c >&5
conftest.c:61:10: fatal error: gtk/gtk.h: No such file or directory
   61 | #include <gtk/gtk.h>
      |          ^~~~~~~~~~~
compilation terminated.
configure:4645: $? = 1
configure: failed program was:
| /* confdefs.h */
| #define PACKAGE_NAME "GTK_demo"
| #define PACKAGE_TARNAME "gtk_demo"
| #define PACKAGE_VERSION "1.0"
| #define PACKAGE_STRING "GTK_demo 1.0"
| #define PACKAGE_BUGREPORT ""
| #define PACKAGE_URL ""
| #define PACKAGE "GTK_demo"
| #define VERSION "1.0"
| #define GETTEXT_PACKAGE "GTK_demo"
| #define HAVE_LIBPTHREAD 1
| #define STDC_HEADERS 1
| #define HAVE_SYS_TYPES_H 1
| #define HAVE_SYS_STAT_H 1
| #define HAVE_STDLIB_H 1
| #define HAVE_STRING_H 1
| #define HAVE_MEMORY_H 1
| #define HAVE_STRINGS_H 1
| #define HAVE_INTTYPES_H 1
| #define HAVE_STDINT_H 1
| #define HAVE_UNISTD_H 1
| #define HAVE_FCNTL_H 1
| #define HAVE_STDLIB_H 1
| #define HAVE_STRING_H 1
| #define HAVE_SYS_IOCTL_H 1
| #define HAVE_UNISTD_H 1
| /* end confdefs.h.  */
| #include <stdio.h>
| #ifdef HAVE_SYS_TYPES_H
| # include <sys/types.h>
| #endif
| #ifdef HAVE_SYS_STAT_H
| # include <sys/stat.h>
| #endif
| #ifdef STDC_HEADERS
| # include <stdlib.h>
| # include <stddef.h>
| #else
| # ifdef HAVE_STDLIB_H
| #  include <stdlib.h>
| # endif
| #endif
| #ifdef HAVE_STRING_H
| # if !defined STDC_HEADERS && defined HAVE_MEMORY_H
| #  include <memory.h>
| # endif
| # include <string.h>
| #endif
| #ifdef HAVE_STRINGS_H
| # include <strings.h>
| #endif
| #ifdef HAVE_INTTYPES_H
| # include <inttypes.h>
| #endif
| #ifdef HAVE_STDINT_H
| # include <stdint.h>
| #endif
| #ifdef HAVE_UNISTD_H
| # include <unistd.h>
| #endif
| #include <gtk/gtk.h>
configure:4645: result: no
configure:4645: checking gtk/gtk.h presence
configure:4645: gcc -E  conftest.c
conftest.c:28:10: fatal error: gtk/gtk.h: No such file or directory
   28 | #include <gtk/gtk.h>
      |          ^~~~~~~~~~~
compilation terminated.
configure:4645: $? = 1
configure: failed program was:
| /* confdefs.h */
| #define PACKAGE_NAME "GTK_demo"
| #define PACKAGE_TARNAME "gtk_demo"
| #define PACKAGE_VERSION "1.0"
| #define PACKAGE_STRING "GTK_demo 1.0"
| #define PACKAGE_BUGREPORT ""
| #define PACKAGE_URL ""
| #define PACKAGE "GTK_demo"
| #define VERSION "1.0"
| #define GETTEXT_PACKAGE "GTK_demo"
| #define HAVE_LIBPTHREAD 1
| #define STDC_HEADERS 1
| #define HAVE_SYS_TYPES_H 1
| #define HAVE_SYS_STAT_H 1
| #define HAVE_STDLIB_H 1
| #define HAVE_STRING_H 1
| #define HAVE_MEMORY_H 1
| #define HAVE_STRINGS_H 1
| #define HAVE_INTTYPES_H 1
| #define HAVE_STDINT_H 1
| #define HAVE_UNISTD_H 1
| #define HAVE_FCNTL_H 1
| #define HAVE_STDLIB_H 1
| #define HAVE_STRING_H 1
| #define HAVE_SYS_IOCTL_H 1
| #define HAVE_UNISTD_H 1
| /* end confdefs.h.  */
| #include <gtk/gtk.h>
configure:4645: result: no
configure:4645: checking for gtk/gtk.h
configure:4645: result: no
configure:4645: checking pthread.h usability
configure:4645: gcc -c -g -O2  conftest.c >&5
configure:4645: $? = 0
configure:4645: result: yes
configure:4645: checking pthread.h presence
configure:4645: gcc -E  conftest.c
configure:4645: $? = 0
configure:4645: result: yes
configure:4645: checking for pthread.h
configure:4645: result: yes
configure:4661: checking for stdlib.h
configure:4661: result: yes
configure:4671: checking for GNU libc compatible malloc
configure:4695: gcc -o conftest -g -O2   conftest.c -lpthread  >&5
configure:4695: $? = 0
configure:4695: ./conftest
configure:4695: $? = 0
configure:4705: result: yes
configure:4855: creating ./config.status

## ---------------------- ##
## Running config.status. ##
## ---------------------- ##

This file was extended by GTK_demo config.status 1.0, which was
generated by GNU Autoconf 2.69.  Invocation command line was

  CONFIG_FILES    = 
  CONFIG_HEADERS  = 
  CONFIG_LINKS    = 
  CONFIG_COMMANDS = 
  $ ./config.status 

on workhorse

config.status:868: creating Makefile
config.status:868: creating config.h
config.status:1049: config.h is unchanged
config.status:1097: executing depfiles commands

## ---------------- ##
## Cache variables. ##
## ---------------- ##

ac_cv_c_compiler_gnu=yes
ac_cv_cxx_compiler_gnu=yes
ac_cv_env_CCC_set=
ac_cv_env_CCC_value=
ac_cv_env_CC_set=
ac_cv_env_CC_value=
ac_cv_env_CFLAGS_set=
ac_cv_env_CFLAGS_value=
ac_cv_env_CPPFLAGS_set=
ac_cv_env_CPPFLAGS_value=
ac_cv_env_CPP_set=
ac_cv_env_CPP_value=
ac_cv_env_CXXFLAGS_set=
ac_cv_env_CXXFLAGS_value=
ac_cv_env_CXX_set=
ac_cv_env_CXX_value=
ac_cv_env_LDFLAGS_set=
ac_cv_env_LDFLAGS_value=
ac_cv_env_LIBS_set=
ac_cv_env_LIBS_value=
ac_cv_env_PACKAGE_CFLAGS_set=
ac_cv_env_PACKAGE_CFLAGS_value=
ac_cv_env_PACKAGE_LIBS_set=
ac_cv_env_PACKAGE_LIBS_value=
ac_cv_env_PKG_CONFIG_set=
ac_cv_env_PKG_CONFIG_value=
ac_cv_env_build_alias_set=
ac_cv_env_build_alias_value=
ac_cv_env_host_alias_set=
ac_cv_env_host_alias_value=
ac_cv_env_target_alias_set=
ac_cv_env_target_alias_value=
ac_cv_func_malloc_0_nonnull=yes
ac_cv_header_fcntl_h=yes
ac_cv_header_gtk_gtk_h=no
ac_cv_header_inttypes_h=yes
ac_cv_header_memory_h=yes
ac_cv_header_pthread_h=yes
ac_cv_header_stdc=yes
ac_cv_header_stdint_h=yes
ac_cv_header_stdlib_h=yes
ac_cv_header_string_h=yes
ac_cv_header_strings_h=yes
ac_cv_header_sys_ioctl_h=yes
ac_cv_header_sys_stat_h=yes
ac_cv_header_sys_types_h=yes
ac_cv_header_unistd_h=yes
ac_cv_lib_pthread_pthread_rwlock_init=yes
ac_cv_objext=o
ac_cv_path_EGREP='/usr/bin/grep -E'
ac_cv_path_GREP=/usr/bin/grep
ac_cv_path_ac_pt_PKG_CONFIG=/usr/bin/pkg-config
ac_cv_path_install='/usr/bin/install -c'
ac_cv_path_mkdir=/usr/bin/mkdir
ac_cv_prog_AWK=mawk
ac_cv_prog_CPP='gcc -E'
ac_cv_prog_ac_ct_CC=gcc
ac_cv_prog_ac_ct_CXX=g++
ac_cv_prog_cc_c89=
ac_cv_prog_cc_g=yes
ac_cv_prog_cxx_g=yes
ac_cv_prog_make_make_set=yes
am_cv_CC_dependencies_compiler_type=gcc3
am_cv_CXX_dependencies_compiler_type=gcc3
pkg_cv_PACKAGE_CFLAGS='-pthread -I/usr/include/gtk-2.0 -I/usr/lib/x86_64-linux-gnu/gtk-2.0/include -I/usr/include/pango-1.0 -I/usr/include/atk-1.0 -I/usr/include/gdk-pixbuf-2.0 -I/usr/include/libmount -I/usr/include/blkid -I/usr/include/pango-1.0 -I/usr/include/fribidi -I/usr/include/cairo -I/usr/include/pixman-1 -I/usr/include/harfbuzz -I/usr/include/glib-2.0 -I/usr/lib/x86_64-linux-gnu/glib-2.0/include -I/usr/include/uuid -I/usr/include/freetype2 -I/usr/include/libpng16'
pkg_cv_PACKAGE_LIBS='-lgtk-x11-2.0 -lgdk-x11-2.0 -lpangocairo-1.0 -latk-1.0 -lcairo -lgdk_pixbuf-2.0 -lgio-2.0 -lpangoft2-1.0 -lpango-1.0 -lgobject-2.0 -lglib-2.0 -lharfbuzz -lfontconfig -lfreetype'

## ----------------- ##
## Output variables. ##
## ----------------- ##

ACLOCAL='${SHELL} /home/xuzhizun/Packages/mindvision/demo/GTK_Demo/missing --run aclocal-1.11'
AMDEPBACKSLASH='\'
AMDEP_FALSE='#'
AMDEP_TRUE=''
AMTAR='${SHELL} /home/xuzhizun/Packages/mindvision/demo/GTK_Demo/missing --run tar'
AUTOCONF='${SHELL} /home/xuzhizun/Packages/mindvision/demo/GTK_Demo/missing --run autoconf'
AUTOHEADER='${SHELL} /home/xuzhizun/Packages/mindvision/demo/GTK_Demo/missing --run autoheader'
AUTOMAKE='${SHELL} /home/xuzhizun/Packages/mindvision/demo/GTK_Demo/missing --run automake-1.11'
AWK='mawk'
CC='gcc'
CCDEPMODE='depmode=gcc3'
CFLAGS='-g -O2'
CPP='gcc -E'
CPPFLAGS=''
CXX='g++'
CXXDEPMODE='depmode=gcc3'
CXXFLAGS='-g -O2'
CYGPATH_W='echo'
DEFS='-DHAVE_CONFIG_H'
DEPDIR='.deps'
ECHO_C=''
ECHO_N='-n'
ECHO_T=''
EGREP='/usr/bin/grep -E'
EXEEXT=''
GETTEXT_PACKAGE='GTK_demo'
GREP='/usr/bin/grep'
INSTALL_DATA='${INSTALL} -m 644'
INSTALL_PROGRAM='${INSTALL}'
INSTALL_SCRIPT='${INSTALL}'
INSTALL_STRIP_PROGRAM='$(install_sh) -c -s'
LDFLAGS=''
LIBOBJS=''
LIBS='-lpthread '
LTLIBOBJS=''
MAKEINFO='${SHELL} /home/xuzhizun/Packages/mindvision/demo/GTK_Demo/missing --run makeinfo'
MKDIR_P='/usr/bin/mkdir -p'
OBJEXT='o'
PACKAGE='GTK_demo'
PACKAGE_BUGREPORT=''
PACKAGE_CFLAGS='-pthread -I/usr/include/gtk-2.0 -I/usr/lib/x86_64-linux-gnu/gtk-2.0/include -I/usr/include/pango-1.0 -I/usr/include/atk-1.0 -I/usr/include/gdk-pixbuf-2.0 -I/usr/include/libmount -I/usr/include/blkid -I/usr/include/pango-1.0 -I/usr/include/fribidi -I/usr/include/cairo -I/usr/include/pixman-1 -I/usr/include/harfbuzz -I/usr/include/glib-2.0 -I/usr/lib/x86_64-linux-gnu/glib-2.0/include -I/usr/include/uuid -I/usr/include/freetype2 -I/usr/include/libpng16'
PACKAGE_LIBS='-lgtk-x11-2.0 -lgdk-x11-2.0 -lpangocairo-1.0 -latk-1.0 -lcairo -lgdk_pixbuf-2.0 -lgio-2.0 -lpangoft2-1.0 -lpango-1.0 -lgobject-2.0 -lglib-2.0 -lharfbuzz -lfontconfig -lfreetype'
PACKAGE_NAME='GTK_demo'
PACKAGE_STRING='GTK_demo 1.0'
PACKAGE_TARNAME='gtk_demo'
PACKAGE_URL=''
PACKAGE_VERSION='1.0'
PATH_SEPARATOR=':'
PKG_CONFIG='/usr/bin/pkg-config'
SET_MAKE=''
SHELL='/bin/bash'
STRIP=''
VERSION='1.0'
ac_ct_CC='gcc'
ac_ct_CXX='g++'
am__EXEEXT_FALSE=''
am__EXEEXT_TRUE='#'
am__fastdepCC_FALSE='#'
am__fastdepCC_TRUE=''
am__fastdepCXX_FALSE='#'
am__fastdepCXX_TRUE=''
am__include='include'
am__isrc=''
am__leading_dot='.'
am__quote=''
am__tar='${AMTAR} chof - "$$tardir"'
am__untar='${AMTAR} xf -'
bindir='${exec_prefix}/bin'
build_alias=''
datadir='${datarootdir}'
datarootdir='${prefix}/share'
docdir='${datarootdir}/doc/${PACKAGE_TARNAME}'
dvidir='${docdir}'
exec_prefix='${prefix}'
host_alias=''
htmldir='${docdir}'
includedir='${prefix}/include'
infodir='${datarootdir}/info'
install_sh='${SHELL} /home/xuzhizun/Packages/mindvision/demo/GTK_Demo/install-sh'
libdir='${exec_prefix}/lib'
libexecdir='${exec_prefix}/libexec'
localedir='${datarootdir}/locale'
localstatedir='${prefix}/var'
mandir='${datarootdir}/man'
mkdir_p='/usr/bin/mkdir -p'
oldincludedir='/usr/include'
pdfdir='${docdir}'
prefix='/usr/local'
program_transform_name='s,x,x,'
psdir='${docdir}'
runstatedir='${localstatedir}/run'
sbindir='${exec_prefix}/sbin'
sharedstatedir='${prefix}/com'
sysconfdir='${prefix}/etc'
target_alias=''

## ----------- ##
## confdefs.h. ##
## ----------- ##

/* confdefs.h */
#define PACKAGE_NAME "GTK_demo"
#define PACKAGE_TARNAME "gtk_demo"
#define PACKAGE_VERSION "1.0"
#define PACKAGE_STRING "GTK_demo 1.0"
#define PACKAGE_BUGREPORT ""
#define PACKAGE_URL ""
#define PACKAGE "GTK_demo"
#define VERSION "1.0"
#define GETTEXT_PACKAGE "GTK_demo"
#define HAVE_LIBPTHREAD 1
#define STDC_HEADERS 1
#define HAVE_SYS_TYPES_H 1
#define HAVE_SYS_STAT_H 1
#define HAVE_STDLIB_H 1
#define HAVE_STRING_H 1
#define HAVE_MEMORY_H 1
#define HAVE_STRINGS_H 1
#define HAVE_INTTYPES_H 1
#define HAVE_STDINT_H 1
#define HAVE_UNISTD_H 1
#define HAVE_FCNTL_H 1
#define HAVE_STDLIB_H 1
#define HAVE_STRING_H 1
#define HAVE_SYS_IOCTL_H 1
#define HAVE_UNISTD_H 1
#define HAVE_PTHREAD_H 1
#define HAVE_STDLIB_H 1
#define HAVE_MALLOC 1

configure: exit 0
